#
# There is insufficient memory for the Java Runtime Environment to continue.
# Native memory allocation (mmap) failed to map 134217728 bytes. Error detail: G1 virtual space
# Possible reasons:
#   The system is out of physical RAM or swap space
#   This process is running with CompressedOops enabled, and the Java Heap may be blocking the growth of the native heap
# Possible solutions:
#   Reduce memory load on the system
#   Increase physical memory or swap space
#   Check if swap backing store is full
#   Decrease Java heap size (-Xmx/-Xms)
#   Decrease number of Java threads
#   Decrease Java thread stack sizes (-Xss)
#   Set larger code cache with -XX:ReservedCodeCacheSize=
#   JVM is running with Unscaled Compressed Oops mode in which the Java heap is
#     placed in the first 4GB address space. The Java Heap base address is the
#     maximum limit for the native heap growth. Please use -XX:HeapBaseMinAddress
#     to set the Java Heap base and to place the Java Heap above 4GB virtual address.
# This output file may be truncated or incomplete.
#
#  Out of Memory Error (os_windows.cpp:3828), pid=6004, tid=4100
#
# JRE version:  (21.0.4+13) (build )
# Java VM: OpenJDK 64-Bit Server VM (21.0.4+13-b509.17, mixed mode, sharing, tiered, compressed oops, compressed class ptrs, g1 gc, windows-amd64)
# No core dump will be written. Minidumps are not enabled by default on client versions of Windows
#

---------------  S U M M A R Y ------------

Command Line: git4idea.http.GitAskPassApp Username for 'https://gitlab.wsiz.pl:443': 

Host: Intel(R) Core(TM) i5-8250U CPU @ 1.60GHz, 8 cores, 7G,  Windows 11 , 64 bit Build 22621 (10.0.22621.5124)
Time: Sun Apr 13 15:44:37 2025  Windows 11 , 64 bit Build 22621 (10.0.22621.5124) elapsed time: 0.040149 seconds (0d 0h 0m 0s)

---------------  T H R E A D  ---------------

Current thread (0x00000172775602a0):  JavaThread "Unknown thread" [_thread_in_vm, id=4100, stack(0x00000044d3200000,0x00000044d3300000) (1024K)]

Stack: [0x00000044d3200000,0x00000044d3300000]
Native frames: (J=compiled Java code, j=interpreted, Vv=VM code, C=native code)
V  [jvm.dll+0x6e36d9]
V  [jvm.dll+0x8c0bd3]
V  [jvm.dll+0x8c312e]
V  [jvm.dll+0x8c3813]
V  [jvm.dll+0x288256]
V  [jvm.dll+0x6dfe65]
V  [jvm.dll+0x6d433a]
V  [jvm.dll+0x36209b]
V  [jvm.dll+0x369c46]
V  [jvm.dll+0x3bbd76]
V  [jvm.dll+0x3bc048]
V  [jvm.dll+0x33485c]
V  [jvm.dll+0x33554b]
V  [jvm.dll+0x888039]
V  [jvm.dll+0x3c8ea8]
V  [jvm.dll+0x8711d8]
V  [jvm.dll+0x45d85e]
V  [jvm.dll+0x45f541]
C  [jli.dll+0x52ab]
C  [ucrtbase.dll+0x29333]
C  [KERNEL32.DLL+0x1259d]
C  [ntdll.dll+0x5af38]


---------------  P R O C E S S  ---------------

Threads class SMR info:
_java_thread_list=0x00007ffa43b52108, length=0, elements={
}

Java Threads: ( => current thread )
Total: 0

Other Threads:
  0x0000017279821170 WorkerThread "GC Thread#0"                     [id=8512, stack(0x00000044d3300000,0x00000044d3400000) (1024K)]
  0x0000017279832000 ConcurrentGCThread "G1 Main Marker"            [id=19184, stack(0x00000044d3400000,0x00000044d3500000) (1024K)]
  0x0000017279832b00 WorkerThread "G1 Conc#0"                       [id=18344, stack(0x00000044d3500000,0x00000044d3600000) (1024K)]

[error occurred during error reporting (printing all threads), id 0xc0000005, EXCEPTION_ACCESS_VIOLATION (0xc0000005) at pc=0x00007ffa43247917]
VM state: not at safepoint (not fully initialized)

VM Mutex/Monitor currently owned by a thread:  ([mutex/lock_event])
[0x00007ffa43bc6a48] Heap_lock - owner thread: 0x00000172775602a0

Heap address: 0x0000000081800000, size: 2024 MB, Compressed Oops mode: 32-bit

CDS archive(s) mapped at: [0x0000000000000000-0x0000000000000000-0x0000000000000000), size 0, SharedBaseAddress: 0x0000000800000000, ArchiveRelocationMode: 1.
Narrow klass base: 0x0000000000000000, Narrow klass shift: 0, Narrow klass range: 0x0

GC Precious Log:
 CardTable entry size: 512
 Card Set container configuration: InlinePtr #cards 5 size 8 Array Of Cards #cards 12 size 40 Howl #buckets 4 coarsen threshold 1843 Howl Bitmap #cards 512 size 80 coarsen threshold 460 Card regions per heap region 1 cards per card region 2048

Heap:
 garbage-first heap   total 0K, used 0K [0x0000000081800000, 0x0000000100000000)
  region size 1024K, 0 young (0K), 0 survivors (0K)
 Metaspace       used 0K, committed 0K, reserved 0K
  class space    used 0K, committed 0K, reserved 0K

Heap Regions: E=young(eden), S=young(survivor), O=old, HS=humongous(starts), HC=humongous(continues), CS=collection set, F=free, TAMS=top-at-mark-start, PB=parsable bottom

Card table byte_map: [0x000001727de10000,0x000001727e210000] _byte_map_base: 0x000001727da04000

Marking Bits: (CMBitMap*) 0x0000017279821870
 Bits: [0x000001720f000000, 0x0000017210fa0000)

GC Heap History (0 events):
No events

Dll operation events (1 events):
Event: 0.026 Loaded shared library C:\Program Files\JetBrains\IntelliJ IDEA Community Edition 2024.2.3\jbr\bin\java.dll

Deoptimization events (0 events):
No events

Classes loaded (0 events):
No events

Classes unloaded (0 events):
No events

Classes redefined (0 events):
No events

Internal exceptions (0 events):
No events

ZGC Phase Switch (0 events):
No events

VM Operations (0 events):
No events

Memory protections (0 events):
No events

Nmethod flushes (0 events):
No events

Events (0 events):
No events


Dynamic libraries:
0x00007ff61ba90000 - 0x00007ff61ba9a000 	C:\Program Files\JetBrains\IntelliJ IDEA Community Edition 2024.2.3\jbr\bin\java.exe
0x00007ffaad590000 - 0x00007ffaad7a7000 	C:\WINDOWS\SYSTEM32\ntdll.dll
0x00007ffaac910000 - 0x00007ffaac9d4000 	C:\WINDOWS\System32\KERNEL32.DLL
0x00007ffaaae50000 - 0x00007ffaab223000 	C:\WINDOWS\System32\KERNELBASE.dll
0x00007ffaaa970000 - 0x00007ffaaaa81000 	C:\WINDOWS\System32\ucrtbase.dll
0x00007ffaa5470000 - 0x00007ffaa548b000 	C:\Program Files\JetBrains\IntelliJ IDEA Community Edition 2024.2.3\jbr\bin\VCRUNTIME140.dll
0x00007ffa93b80000 - 0x00007ffa93b98000 	C:\Program Files\JetBrains\IntelliJ IDEA Community Edition 2024.2.3\jbr\bin\jli.dll
0x00007ffaab230000 - 0x00007ffaab3e1000 	C:\WINDOWS\System32\USER32.dll
0x00007ffaaac50000 - 0x00007ffaaac76000 	C:\WINDOWS\System32\win32u.dll
0x00007ffa95a20000 - 0x00007ffa95cb8000 	C:\WINDOWS\WinSxS\amd64_microsoft.windows.common-controls_6595b64144ccf1df_6.0.22621.5124_none_270e8f4f7386d69d\COMCTL32.dll
0x00007ffaab8e0000 - 0x00007ffaab909000 	C:\WINDOWS\System32\GDI32.dll
0x00007ffaacc10000 - 0x00007ffaaccb7000 	C:\WINDOWS\System32\msvcrt.dll
0x00007ffaaac80000 - 0x00007ffaaad9b000 	C:\WINDOWS\System32\gdi32full.dll
0x00007ffaaa8d0000 - 0x00007ffaaa96a000 	C:\WINDOWS\System32\msvcp_win.dll
0x00007ffaac9e0000 - 0x00007ffaaca11000 	C:\WINDOWS\System32\IMM32.DLL
0x00007ffaa59f0000 - 0x00007ffaa59fc000 	C:\Program Files\JetBrains\IntelliJ IDEA Community Edition 2024.2.3\jbr\bin\vcruntime140_1.dll
0x00007ffa772a0000 - 0x00007ffa7732d000 	C:\Program Files\JetBrains\IntelliJ IDEA Community Edition 2024.2.3\jbr\bin\msvcp140.dll
0x00007ffa42f00000 - 0x00007ffa43cb7000 	C:\Program Files\JetBrains\IntelliJ IDEA Community Edition 2024.2.3\jbr\bin\server\jvm.dll
0x00007ffaad170000 - 0x00007ffaad221000 	C:\WINDOWS\System32\ADVAPI32.dll
0x00007ffaad230000 - 0x00007ffaad2d8000 	C:\WINDOWS\System32\sechost.dll
0x00007ffaaada0000 - 0x00007ffaaadc8000 	C:\WINDOWS\System32\bcrypt.dll
0x00007ffaad2e0000 - 0x00007ffaad3f4000 	C:\WINDOWS\System32\RPCRT4.dll
0x00007ffaaca20000 - 0x00007ffaaca91000 	C:\WINDOWS\System32\WS2_32.dll
0x00007ffaa1e90000 - 0x00007ffaa1e9a000 	C:\WINDOWS\SYSTEM32\VERSION.dll
0x00007ffaa1730000 - 0x00007ffaa1764000 	C:\WINDOWS\SYSTEM32\WINMM.dll
0x00007ffaaa570000 - 0x00007ffaaa5bd000 	C:\WINDOWS\SYSTEM32\POWRPROF.dll
0x00007ffaaa550000 - 0x00007ffaaa563000 	C:\WINDOWS\SYSTEM32\UMPDC.dll
0x00007ffaa9690000 - 0x00007ffaa96a8000 	C:\WINDOWS\SYSTEM32\kernel.appcore.dll
0x00007ffaa59e0000 - 0x00007ffaa59ea000 	C:\Program Files\JetBrains\IntelliJ IDEA Community Edition 2024.2.3\jbr\bin\jimage.dll
0x00007ffaa80e0000 - 0x00007ffaa8312000 	C:\WINDOWS\SYSTEM32\DBGHELP.DLL
0x00007ffaaba40000 - 0x00007ffaabdd2000 	C:\WINDOWS\System32\combase.dll
0x00007ffaad400000 - 0x00007ffaad4d7000 	C:\WINDOWS\System32\OLEAUT32.dll
0x00007ffa8c980000 - 0x00007ffa8c9b2000 	C:\WINDOWS\SYSTEM32\dbgcore.DLL
0x00007ffaaaa90000 - 0x00007ffaaab0b000 	C:\WINDOWS\System32\bcryptPrimitives.dll
0x00007ffa97f60000 - 0x00007ffa97f7f000 	C:\Program Files\JetBrains\IntelliJ IDEA Community Edition 2024.2.3\jbr\bin\java.dll

dbghelp: loaded successfully - version: 4.0.5 - missing functions: none
symbol engine: initialized successfully - sym options: 0x614 - pdb path: .;C:\Program Files\JetBrains\IntelliJ IDEA Community Edition 2024.2.3\jbr\bin;C:\WINDOWS\SYSTEM32;C:\WINDOWS\WinSxS\amd64_microsoft.windows.common-controls_6595b64144ccf1df_6.0.22621.5124_none_270e8f4f7386d69d;C:\Program Files\JetBrains\IntelliJ IDEA Community Edition 2024.2.3\jbr\bin\server

VM Arguments:
java_command: git4idea.http.GitAskPassApp Username for 'https://gitlab.wsiz.pl:443': 
java_class_path (initial): C:/Program Files/JetBrains/IntelliJ IDEA Community Edition 2024.2.3/plugins/vcs-git/lib/git4idea-rt.jar;C:/Program Files/JetBrains/IntelliJ IDEA Community Edition 2024.2.3/lib/externalProcess-rt.jar
Launcher Type: SUN_STANDARD

[Global flags]
     intx CICompilerCount                          = 4                                         {product} {ergonomic}
     uint ConcGCThreads                            = 2                                         {product} {ergonomic}
     uint G1ConcRefinementThreads                  = 8                                         {product} {ergonomic}
   size_t G1HeapRegionSize                         = 1048576                                   {product} {ergonomic}
    uintx GCDrainStackTargetSize                   = 64                                        {product} {ergonomic}
   size_t InitialHeapSize                          = 134217728                                 {product} {ergonomic}
   size_t MarkStackSize                            = 4194304                                   {product} {ergonomic}
   size_t MaxHeapSize                              = 2122317824                                {product} {ergonomic}
   size_t MinHeapDeltaBytes                        = 1048576                                   {product} {ergonomic}
   size_t MinHeapSize                              = 8388608                                   {product} {ergonomic}
    uintx NonNMethodCodeHeapSize                   = 5839372                                {pd product} {ergonomic}
    uintx NonProfiledCodeHeapSize                  = 122909434                              {pd product} {ergonomic}
    uintx ProfiledCodeHeapSize                     = 122909434                              {pd product} {ergonomic}
    uintx ReservedCodeCacheSize                    = 251658240                              {pd product} {ergonomic}
     bool SegmentedCodeCache                       = true                                      {product} {ergonomic}
   size_t SoftMaxHeapSize                          = 2122317824                             {manageable} {ergonomic}
     bool UseCompressedOops                        = true                           {product lp64_product} {ergonomic}
     bool UseG1GC                                  = true                                      {product} {ergonomic}
     bool UseLargePagesIndividualAllocation        = false                                  {pd product} {ergonomic}

Logging:
Log output configuration:
 #0: stdout all=warning uptime,level,tags foldmultilines=false
 #1: stderr all=off uptime,level,tags foldmultilines=false

Environment Variables:
PATH=C:/Program Files/Git/mingw64/libexec/git-core;C:/Program Files/Git/mingw64/libexec/git-core;C:\Program Files\Git\mingw64\bin;C:\Program Files\Git\usr\bin;C:\Users\Kamil-dell\bin;C:\Users\Kamil-dell\Desktop\IO_Studia\Oracle_Database\WINDOWS.X64_213000_db_home\bin;C:\Program Files\Microsoft MPI\Bin\;C:\Program Files (x86)\Intel\iCLS Client\;C:\Program Files\Intel\iCLS Client\;C:\WINDOWS\system32;C:\WINDOWS;C:\WINDOWS\System32\Wbem;C:\WINDOWS\System32\WindowsPowerShell\v1.0\;C:\Program Files (x86)\Intel\Intel(R) Management Engine Components\DAL;C:\Program Files\Intel\Intel(R) Management Engine Components\DAL;C:\Program Files (x86)\Intel\Intel(R) Management Engine Components\IPT;C:\Program Files\Intel\Intel(R) Management Engine Components\IPT;C:\Program Files\Intel\WiFi\bin\;C:\Program Files\Common Files\Intel\WirelessCommon\;C:\WINDOWS\System32\OpenSSH\;C:\Program Files\dotnet\;C:\Program Files\Git\cmd;C:\Program Files\nodejs\;C:\Program Files\Microsoft SQL Server\Client SDK\ODBC\170\Tools\Binn\;C:\Java\jdk-23\bin;C:\Program Files\RedHat\Podman\;C:\Users\Kamil-dell\AppData\Local\Microsoft\WindowsApps;C:\Users\Kamil-dell\AppData\Local\Programs\Microsoft VS Code\bin;C:\Users\Kamil-dell\AppData\Roaming\npm;C:\Users\Kamil-dell\.dotnet\tools;C:\Program Files\Azure Data Studio\bin
USERNAME=Kamil-dell
DISPLAY=:0.0
LC_ALL=en_US.UTF-8
TERM=xterm-256color
TMPDIR=C:\Users\KAMIL-~1\AppData\Local\Temp
OS=Windows_NT
PROCESSOR_IDENTIFIER=Intel64 Family 6 Model 142 Stepping 10, GenuineIntel
TMP=C:\Users\KAMIL-~1\AppData\Local\Temp
TEMP=C:\Users\KAMIL-~1\AppData\Local\Temp




Periodic native trim disabled

JNI global refs:
JNI global refs: 0, weak refs: 0

JNI global refs memory usage: 0, weak refs: 0

Process memory usage:
Resident Set Size: 11836K (0% of 8286612K total physical memory with 446464K free physical memory)

OOME stack traces (most recent first):
Classloader memory used:

---------------  S Y S T E M  ---------------

OS:
 Windows 11 , 64 bit Build 22621 (10.0.22621.5124)
OS uptime: 0 days 6:50 hours
Hyper-V role detected

CPU: total 8 (initial active 8) (4 cores per cpu, 2 threads per core) family 6 model 142 stepping 10 microcode 0xe0, cx8, cmov, fxsr, ht, mmx, 3dnowpref, sse, sse2, sse3, ssse3, sse4.1, sse4.2, popcnt, lzcnt, tsc, tscinvbit, avx, avx2, aes, erms, clmul, bmi1, bmi2, adx, fma, vzeroupper, clflush, clflushopt, hv, rdtscp, f16c
Processor Information for all 8 processors :
  Max Mhz: 1801, Current Mhz: 1801, Mhz Limit: 1801

Memory: 4k page, system-wide physical 8092M (436M free)
TotalPageFile size 18092M (AvailPageFile size 85M)
current process WorkingSet (physical memory assigned to process): 11M, peak: 11M
current process commit charge ("private bytes"): 60M, peak: 188M

vm_info: OpenJDK 64-Bit Server VM (21.0.4+13-b509.17) for windows-amd64 JRE (21.0.4+13-b509.17), built on 2024-09-04 by "builduser" with MS VC++ 16.10 / 16.11 (VS2019)

END.
